<?xml version="1.0" encoding="UTF-8" ?>

<testsuite failures="0" time="0.011" errors="0" skipped="0" tests="2" name="BasicTest">
  <testcase classname="BasicTest" name="createAuction" time="0.006">
      </testcase>
  <testcase classname="BasicTest" name="createBid" time="0.005">
      </testcase>
</testsuite>
